
--------------------------------------------------------------------------------
4/23/2017 6:37:11 PM
System.InvalidOperationException: Cross-thread operation not valid: Control 'Slate' accessed from a thread other than the thread it was created on.
   at System.Windows.Forms.Control.get_Handle()
   at System.Windows.Forms.Control.SendMessage(Int32 msg, Int32 wparam, Int32 lparam)
   at System.Windows.Forms.Form.Close()
   at PixelWhimsy.Slate.HandleKeys_Normal(KeyEventArgs keyArgs) in C:\Users\hans\git\pixelwhimsy\Executable\Slate_Keyboard.cs:line 689
   at PixelWhimsy.Slate.Safe_Slate_KeyHandler(Object ignoredObject, EventArgs e) in C:\Users\hans\git\pixelwhimsy\Executable\Slate_Keyboard.cs:line 519
   at PixelWhimsy.Slate.MyThreadedRenderMethod() in C:\Users\hans\git\pixelwhimsy\Executable\Slate.cs:line 357
   at PixelWhimsy.Slate.MyRenderWorker(Object state) in C:\Users\hans\git\pixelwhimsy\Executable\Slate.cs:line 232
--------------------------------------------------------------------------------
4/23/2017 6:37:12 PM
System.InvalidOperationException: Cross-thread operation not valid: Control 'Slate' accessed from a thread other than the thread it was created on.
   at System.Windows.Forms.Control.get_Handle()
   at System.Windows.Forms.Control.SendMessage(Int32 msg, Int32 wparam, Int32 lparam)
   at System.Windows.Forms.Form.Close()
   at PixelWhimsy.Slate.HandleKeys_Normal(KeyEventArgs keyArgs) in C:\Users\hans\git\pixelwhimsy\Executable\Slate_Keyboard.cs:line 689
   at PixelWhimsy.Slate.Safe_Slate_KeyHandler(Object ignoredObject, EventArgs e) in C:\Users\hans\git\pixelwhimsy\Executable\Slate_Keyboard.cs:line 519
   at PixelWhimsy.Slate.MyThreadedRenderMethod() in C:\Users\hans\git\pixelwhimsy\Executable\Slate.cs:line 357
   at PixelWhimsy.Slate.MyRenderWorker(Object state) in C:\Users\hans\git\pixelwhimsy\Executable\Slate.cs:line 232
--------------------------------------------------------------------------------
4/23/2017 6:37:13 PM
System.InvalidOperationException: Cross-thread operation not valid: Control 'Slate' accessed from a thread other than the thread it was created on.
   at System.Windows.Forms.Control.get_Handle()
   at System.Windows.Forms.Control.SendMessage(Int32 msg, Int32 wparam, Int32 lparam)
   at System.Windows.Forms.Form.Close()
   at PixelWhimsy.Slate.HandleKeys_Normal(KeyEventArgs keyArgs) in C:\Users\hans\git\pixelwhimsy\Executable\Slate_Keyboard.cs:line 689
   at PixelWhimsy.Slate.Safe_Slate_KeyHandler(Object ignoredObject, EventArgs e) in C:\Users\hans\git\pixelwhimsy\Executable\Slate_Keyboard.cs:line 519
   at PixelWhimsy.Slate.MyThreadedRenderMethod() in C:\Users\hans\git\pixelwhimsy\Executable\Slate.cs:line 357
   at PixelWhimsy.Slate.MyRenderWorker(Object state) in C:\Users\hans\git\pixelwhimsy\Executable\Slate.cs:line 232
--------------------------------------------------------------------------------
4/23/2017 6:37:13 PM
System.InvalidOperationException: Cross-thread operation not valid: Control 'Slate' accessed from a thread other than the thread it was created on.
   at System.Windows.Forms.Control.get_Handle()
   at System.Windows.Forms.Control.SendMessage(Int32 msg, Int32 wparam, Int32 lparam)
   at System.Windows.Forms.Form.Close()
   at PixelWhimsy.Slate.HandleKeys_Normal(KeyEventArgs keyArgs) in C:\Users\hans\git\pixelwhimsy\Executable\Slate_Keyboard.cs:line 689
   at PixelWhimsy.Slate.Safe_Slate_KeyHandler(Object ignoredObject, EventArgs e) in C:\Users\hans\git\pixelwhimsy\Executable\Slate_Keyboard.cs:line 519
   at PixelWhimsy.Slate.MyThreadedRenderMethod() in C:\Users\hans\git\pixelwhimsy\Executable\Slate.cs:line 357
   at PixelWhimsy.Slate.MyRenderWorker(Object state) in C:\Users\hans\git\pixelwhimsy\Executable\Slate.cs:line 232
--------------------------------------------------------------------------------
4/23/2017 6:37:13 PM
PixelWhimsy.TooManyExceptions: Too many exceptions. ---> System.InvalidOperationException: Cross-thread operation not valid: Control 'Slate' accessed from a thread other than the thread it was created on.
   at System.Windows.Forms.Control.get_Handle()
   at System.Windows.Forms.Control.SendMessage(Int32 msg, Int32 wparam, Int32 lparam)
   at System.Windows.Forms.Form.Close()
   at PixelWhimsy.Slate.HandleKeys_Normal(KeyEventArgs keyArgs) in C:\Users\hans\git\pixelwhimsy\Executable\Slate_Keyboard.cs:line 689
   at PixelWhimsy.Slate.Safe_Slate_KeyHandler(Object ignoredObject, EventArgs e) in C:\Users\hans\git\pixelwhimsy\Executable\Slate_Keyboard.cs:line 519
   at PixelWhimsy.Slate.MyThreadedRenderMethod() in C:\Users\hans\git\pixelwhimsy\Executable\Slate.cs:line 357
   at PixelWhimsy.Slate.MyRenderWorker(Object state) in C:\Users\hans\git\pixelwhimsy\Executable\Slate.cs:line 232
   --- End of inner exception stack trace ---
   at PixelWhimsy.Slate.MyRenderMethod() in C:\Users\hans\git\pixelwhimsy\Executable\Slate.cs:line 191
   at DirectVarmint.DVWindow.Render() in C:\Users\hans\git\pixelwhimsy\Executable\DirectVarmint\DVWindow.cs:line 142
   at DirectVarmint.DVTools.DriveApplication(Int32 framesPerSecond) in C:\Users\hans\git\pixelwhimsy\Executable\DirectVarmint\DVTools.cs:line 72
   at PixelWhimsy.Program.DrivePixelWhimsy(Int32 framesPerSecond) in C:\Users\hans\git\pixelwhimsy\Executable\Program.cs:line 352
   at PixelWhimsy.Program.RunWithErrorHandling(FrameDriver driver, WaitCallback logger, Int32 frameRate, Int32 maxErrors, Int32 errorPeriodInMilliseconds) in C:\Users\hans\git\pixelwhimsy\Executable\Program.cs:line 369
--------------------------------------------------------------------------------
4/23/2017 6:37:13 PM
System.ApplicationException: Too many errors
   at PixelWhimsy.Program.RunWithErrorHandling(FrameDriver driver, WaitCallback logger, Int32 frameRate, Int32 maxErrors, Int32 errorPeriodInMilliseconds) in C:\Users\hans\git\pixelwhimsy\Executable\Program.cs:line 406
   at PixelWhimsy.Program.RunProgram(Control displayWnd) in C:\Users\hans\git\pixelwhimsy\Executable\Program.cs:line 215